<?xml version="1.0" encoding="UTF-8"?>
<!-- Generated by org.testng.reporters.JUnitXMLReporter -->
<testsuite hostname="DESKTOP-FIRCU7O" failures="0" tests="4" name="Surefire test" time="24.625" errors="0" timestamp="8 Sep 2019 18:22:06 GMT">
  <testcase classname="WebSocketChatApplicationTest" name="testLogin on testLogin(WebSocketChatApplicationTest)" time="5.702"/>
  <testcase classname="WebSocketChatApplicationTest" name="userJoin on userJoin(WebSocketChatApplicationTest)" time="4.085"/>
  <testcase classname="WebSocketChatApplicationTest" name="chat on chat(WebSocketChatApplicationTest)" time="5.527"/>
  <testcase classname="WebSocketChatApplicationTest" name="userLeave on userLeave(WebSocketChatApplicationTest)" time="5.086"/>
</testsuite> <!-- Surefire test -->
