<?xml version="1.0" encoding="UTF-8"?>
<testng-results total="4" passed="4" failed="0" skipped="0">
  <reporter-output>
  </reporter-output>
  <suite started-at="2019-09-08T18:21:41Z" name="Surefire suite" finished-at="2019-09-08T18:22:06Z" duration-ms="24625">
    <groups>
    </groups>
    <test started-at="2019-09-08T18:21:41Z" name="Surefire test" finished-at="2019-09-08T18:22:06Z" duration-ms="24625">
      <class name="WebSocketChatApplicationTest">
        <test-method signature="testLogin()[pri:0, instance:testLogin(WebSocketChatApplicationTest)]" started-at="2019-09-08T14:21:46Z" name="testLogin" finished-at="2019-09-08T14:21:51Z" duration-ms="5702" status="PASS">
          <reporter-output>
          </reporter-output>
        </test-method> <!-- testLogin -->
        <test-method signature="userJoin()[pri:0, instance:userJoin(WebSocketChatApplicationTest)]" started-at="2019-09-08T14:21:51Z" name="userJoin" finished-at="2019-09-08T14:21:55Z" duration-ms="4085" status="PASS">
          <reporter-output>
          </reporter-output>
        </test-method> <!-- userJoin -->
        <test-method signature="chat()[pri:0, instance:chat(WebSocketChatApplicationTest)]" started-at="2019-09-08T14:21:55Z" name="chat" finished-at="2019-09-08T14:22:01Z" duration-ms="5527" status="PASS">
          <reporter-output>
          </reporter-output>
        </test-method> <!-- chat -->
        <test-method signature="userLeave()[pri:0, instance:userLeave(WebSocketChatApplicationTest)]" started-at="2019-09-08T14:22:01Z" name="userLeave" finished-at="2019-09-08T14:22:06Z" duration-ms="5086" status="PASS">
          <reporter-output>
          </reporter-output>
        </test-method> <!-- userLeave -->
      </class> <!-- WebSocketChatApplicationTest -->
    </test> <!-- Surefire test -->
  </suite> <!-- Surefire suite -->
</testng-results>
